j:\project\cpp\myrenderer\debug\vc140.pdb
j:\project\cpp\myrenderer\debug\vc140.idb
j:\project\cpp\myrenderer\debug\basicmath.obj
j:\project\cpp\myrenderer\debug\splittree.obj
j:\project\cpp\myrenderer\debug\mainwindow.obj
j:\project\cpp\myrenderer\debug\renderer.obj
j:\project\cpp\myrenderer\debug\marketpos.obj
j:\project\cpp\myrenderer\debug\geometryutil.obj
j:\project\cpp\myrenderer\debug\mian.obj
j:\project\cpp\myrenderer\debug\drawer.obj
j:\project\cpp\myrenderer\debug\myrenderer.ilk
j:\project\cpp\myrenderer\debug\myrenderer.exe
j:\project\cpp\myrenderer\debug\myrenderer.pdb
j:\project\cpp\myrenderer\debug\finalexercise.ilk
j:\project\cpp\myrenderer\debug\finalexercise.pdb
j:\project\cpp\myrenderer\debug\myrenderer.tlog\cl.command.1.tlog
j:\project\cpp\myrenderer\debug\myrenderer.tlog\cl.read.1.tlog
j:\project\cpp\myrenderer\debug\myrenderer.tlog\cl.write.1.tlog
j:\project\cpp\myrenderer\debug\myrenderer.tlog\link.48236-cvtres.read.1.tlog
j:\project\cpp\myrenderer\debug\myrenderer.tlog\link.48236-cvtres.write.1.tlog
j:\project\cpp\myrenderer\debug\myrenderer.tlog\link.48236-rc.read.1.tlog
j:\project\cpp\myrenderer\debug\myrenderer.tlog\link.48236-rc.write.1.tlog
j:\project\cpp\myrenderer\debug\myrenderer.tlog\link.48236.read.1.tlog
j:\project\cpp\myrenderer\debug\myrenderer.tlog\link.48236.write.1.tlog
j:\project\cpp\myrenderer\debug\myrenderer.tlog\link.command.1.tlog
j:\project\cpp\myrenderer\debug\myrenderer.tlog\link.read.1.tlog
j:\project\cpp\myrenderer\debug\myrenderer.tlog\link.write.1.tlog
